{
  "Unit Tests": {
    "coverage": {
      "/Users/lheimann/67-272-S12/project_2012/creamery_phase_3/app/controllers/application_controller.rb": [
        1,
        1,
        null
      ],
      "/Users/lheimann/67-272-S12/project_2012/creamery_phase_3/app/helpers/application_helper.rb": [
        1,
        null
      ],
      "/Users/lheimann/67-272-S12/project_2012/creamery_phase_3/app/controllers/assignments_controller.rb": [
        1,
        null,
        1,
        0,
        0,
        null,
        null,
        1,
        0,
        null,
        0,
        null,
        null,
        1,
        0,
        0,
        0,
        null,
        0,
        null,
        null,
        0,
        0,
        0,
        null,
        0,
        null,
        null,
        null,
        null,
        1,
        0,
        null,
        null,
        1,
        0,
        0,
        null,
        0,
        0,
        null,
        null,
        0,
        null,
        null,
        null,
        1,
        0,
        0,
        0,
        0,
        null,
        0,
        null,
        null,
        null,
        1,
        0,
        0,
        0,
        0,
        null,
        null
      ],
      "/Users/lheimann/67-272-S12/project_2012/creamery_phase_3/app/models/assignment.rb": [
        1,
        null,
        1,
        null,
        null,
        1,
        1,
        null,
        null,
        1,
        111,
        47,
        1,
        1,
        null,
        null,
        1,
        1,
        1,
        1,
        1,
        7,
        7,
        5,
        3,
        null,
        null,
        1,
        null,
        1,
        101,
        101,
        100,
        null,
        1,
        null,
        null,
        null,
        null,
        1,
        658,
        123,
        17,
        null,
        null,
        null,
        1,
        307,
        123,
        17,
        null,
        null,
        null
      ],
      "/Users/lheimann/67-272-S12/project_2012/creamery_phase_3/app/controllers/employees_controller.rb": [
        1,
        null,
        1,
        0,
        0,
        null,
        null,
        1,
        0,
        null,
        0,
        null,
        null,
        null,
        null,
        1,
        0,
        null,
        null,
        1,
        0,
        null,
        null,
        1,
        0,
        0,
        null,
        0,
        0,
        null,
        null,
        0,
        null,
        null,
        null,
        1,
        0,
        0,
        0,
        0,
        null,
        0,
        null,
        null,
        null,
        1,
        0,
        0,
        0,
        0,
        null,
        null
      ],
      "/Users/lheimann/67-272-S12/project_2012/creamery_phase_3/app/models/employee.rb": [
        1,
        null,
        1,
        1,
        null,
        null,
        1,
        1,
        null,
        null,
        1,
        180,
        1,
        1,
        1,
        1,
        null,
        null,
        1,
        1,
        1,
        1,
        1,
        1,
        1,
        1,
        null,
        null,
        1,
        1,
        null,
        null,
        1,
        1,
        null,
        null,
        1,
        120,
        null,
        null,
        103,
        2,
        null,
        null,
        1,
        2,
        null,
        null,
        1,
        3,
        null,
        null,
        null,
        1,
        null,
        null,
        null,
        null,
        1,
        1,
        174,
        174,
        174,
        null,
        1,
        207,
        207,
        207,
        null,
        null
      ],
      "/Users/lheimann/67-272-S12/project_2012/creamery_phase_3/app/controllers/home_controller.rb": [
        1,
        1,
        null,
        null,
        1,
        null,
        null,
        1,
        null,
        null,
        1,
        null,
        null,
        1,
        0,
        0,
        0,
        0,
        null,
        null,
        null
      ],
      "/Users/lheimann/67-272-S12/project_2012/creamery_phase_3/app/controllers/stores_controller.rb": [
        1,
        null,
        1,
        0,
        0,
        null,
        null,
        1,
        0,
        null,
        0,
        null,
        null,
        1,
        0,
        null,
        null,
        1,
        0,
        null,
        null,
        1,
        0,
        0,
        null,
        0,
        0,
        null,
        null,
        0,
        null,
        null,
        null,
        1,
        0,
        0,
        0,
        0,
        null,
        0,
        null,
        null,
        null,
        1,
        0,
        0,
        0,
        0,
        null,
        null
      ],
      "/Users/lheimann/67-272-S12/project_2012/creamery_phase_3/app/models/store.rb": [
        1,
        null,
        1,
        null,
        null,
        1,
        1,
        null,
        null,
        null,
        null,
        1,
        null,
        1,
        null,
        1,
        null,
        1,
        null,
        1,
        null,
        null,
        1,
        1,
        1,
        null,
        null,
        null,
        1,
        null,
        null,
        null,
        1,
        null,
        1,
        75,
        75,
        75,
        null,
        null,
        null
      ]
    },
    "timestamp": 1332174861
  },
  "RSpec": {
    "coverage": {
      "/Users/lheimann/67-272-S12/project_2012/creamery_phase_5/app/models/assignment.rb": [
        1,
        null,
        1,
        null,
        null,
        1,
        1,
        1,
        null,
        null,
        1,
        236,
        72,
        1,
        1,
        null,
        null,
        1,
        1,
        1,
        1,
        1,
        7,
        7,
        5,
        3,
        null,
        null,
        1,
        null,
        1,
        226,
        226,
        225,
        null,
        1,
        null,
        null,
        null,
        null,
        1,
        1158,
        248,
        17,
        null,
        null,
        null,
        1,
        682,
        248,
        17,
        null,
        null,
        null
      ],
      "/Users/lheimann/67-272-S12/project_2012/creamery_phase_5/app/models/employee.rb": [
        1,
        null,
        1,
        1,
        null,
        null,
        1,
        1,
        1,
        1,
        null,
        null,
        1,
        314,
        1,
        1,
        1,
        1,
        null,
        null,
        1,
        1,
        1,
        1,
        1,
        1,
        1,
        1,
        null,
        null,
        1,
        9,
        null,
        null,
        1,
        1,
        null,
        null,
        1,
        245,
        null,
        null,
        228,
        2,
        null,
        null,
        1,
        2,
        null,
        null,
        1,
        3,
        null,
        null,
        null,
        1,
        null,
        null,
        null,
        null,
        1,
        1,
        308,
        308,
        308,
        null,
        1,
        341,
        341,
        341,
        null,
        null
      ],
      "/Users/lheimann/67-272-S12/project_2012/creamery_phase_5/app/models/store.rb": [
        1,
        null,
        1,
        null,
        null,
        1,
        1,
        1,
        null,
        null,
        null,
        null,
        1,
        null,
        1,
        null,
        1,
        null,
        1,
        null,
        1,
        null,
        null,
        1,
        1,
        1,
        null,
        null,
        null,
        1,
        null,
        null,
        null,
        null,
        1,
        null,
        1,
        125,
        125,
        125,
        null,
        null,
        null
      ],
      "/Users/lheimann/67-272-S12/project_2012/creamery_phase_5/app/models/shift.rb": [
        1,
        null,
        1,
        1,
        1,
        1,
        1,
        null,
        null,
        192,
        null,
        1,
        1,
        1,
        1,
        null,
        null,
        null,
        1,
        1,
        null,
        null,
        null,
        3,
        5,
        1,
        1,
        4,
        4,
        1,
        1,
        1,
        null,
        null,
        null,
        null,
        null,
        null,
        null,
        null,
        null,
        1,
        null,
        2,
        null,
        null,
        null,
        1,
        null,
        null,
        1,
        1,
        191,
        null,
        null,
        1,
        201,
        1,
        null,
        null,
        null,
        1,
        176,
        null,
        null
      ],
      "/Users/lheimann/67-272-S12/project_2012/creamery_phase_5/app/models/user.rb": [
        1,
        null,
        1,
        null,
        null,
        1,
        1,
        1,
        null,
        1,
        1,
        25,
        16,
        11,
        null,
        null,
        null,
        null
      ],
      "/Users/lheimann/67-272-S12/project_2012/creamery_phase_5/app/models/job.rb": [
        1,
        null,
        1,
        1,
        null,
        null,
        1,
        null,
        null,
        1,
        1,
        1,
        null,
        null
      ],
      "/Users/lheimann/67-272-S12/project_2012/creamery_phase_5/app/models/shift_job.rb": [
        1,
        null,
        1,
        1,
        null,
        null,
        1,
        null,
        1,
        1,
        308,
        100,
        1,
        null,
        null,
        null,
        null
      ]
    },
    "timestamp": 1334601625
  }
}
