{
  "Unit Tests": {
    "coverage": {
      "c:/Documents and Settings/Michelle/My Documents/67272 IS/Phase5/creamery_phase_5_nb/app/controllers/application_controller.rb": [
        1,
        1,
        null,
        1,
        1,
        0,
        null,
        null,
        1,
        null,
        1,
        0,
        null,
        1,
        null,
        1,
        0,
        null,
        null
      ],
      "c:/Documents and Settings/Michelle/My Documents/67272 IS/Phase5/creamery_phase_5_nb/app/helpers/application_helper.rb": [
        1,
        null
      ],
      "c:/Documents and Settings/Michelle/My Documents/67272 IS/Phase5/creamery_phase_5_nb/app/helpers/password_resets_helper.rb": [
        1,
        null
      ],
      "c:/Documents and Settings/Michelle/My Documents/67272 IS/Phase5/creamery_phase_5_nb/app/controllers/assignments_controller.rb": [
        1,
        null,
        1,
        null,
        1,
        0,
        0,
        null,
        null,
        1,
        0,
        null,
        0,
        null,
        null,
        1,
        0,
        null,
        null,
        1,
        0,
        null,
        null,
        1,
        0,
        0,
        null,
        0,
        0,
        null,
        null,
        0,
        null,
        null,
        null,
        1,
        0,
        0,
        0,
        0,
        null,
        0,
        null,
        null,
        null,
        1,
        0,
        0,
        0,
        0,
        null,
        null
      ],
      "c:/Documents and Settings/Michelle/My Documents/67272 IS/Phase5/creamery_phase_5_nb/app/models/assignment.rb": [
        1,
        null,
        1,
        null,
        null,
        1,
        1,
        1,
        null,
        null,
        1,
        241,
        74,
        1,
        1,
        null,
        null,
        1,
        1,
        1,
        1,
        1,
        7,
        7,
        5,
        3,
        null,
        null,
        1,
        1,
        null,
        null,
        null,
        1,
        null,
        1,
        231,
        231,
        230,
        null,
        1,
        null,
        null,
        null,
        null,
        1,
        1188,
        253,
        17,
        null,
        null,
        null,
        1,
        697,
        253,
        17,
        null,
        null,
        null
      ],
      "c:/Documents and Settings/Michelle/My Documents/67272 IS/Phase5/creamery_phase_5_nb/app/controllers/employees_controller.rb": [
        1,
        null,
        1,
        null,
        1,
        0,
        0,
        null,
        null,
        1,
        0,
        0,
        null,
        0,
        null,
        null,
        null,
        null,
        1,
        0,
        null,
        null,
        1,
        0,
        null,
        null,
        1,
        0,
        0,
        null,
        0,
        0,
        null,
        null,
        0,
        null,
        null,
        null,
        1,
        0,
        0,
        0,
        0,
        null,
        0,
        null,
        null,
        null,
        1,
        0,
        0,
        0,
        0,
        null,
        null
      ],
      "c:/Documents and Settings/Michelle/My Documents/67272 IS/Phase5/creamery_phase_5_nb/app/models/employee.rb": [
        1,
        null,
        1,
        1,
        1,
        null,
        null,
        1,
        1,
        1,
        1,
        null,
        null,
        1,
        320,
        1,
        1,
        1,
        1,
        null,
        null,
        1,
        1,
        1,
        1,
        1,
        1,
        1,
        1,
        1,
        null,
        1,
        10,
        null,
        null,
        1,
        1,
        null,
        null,
        1,
        251,
        null,
        null,
        233,
        2,
        null,
        null,
        1,
        2,
        null,
        null,
        1,
        3,
        null,
        null,
        1,
        0,
        0,
        0,
        null,
        0,
        null,
        null,
        null,
        1,
        null,
        null,
        null,
        null,
        1,
        1,
        538,
        538,
        538,
        null,
        1,
        347,
        347,
        347,
        null,
        null,
        1,
        224,
        null,
        null
      ],
      "c:/Documents and Settings/Michelle/My Documents/67272 IS/Phase5/creamery_phase_5_nb/app/controllers/home_controller.rb": [
        1,
        1,
        null,
        1,
        0,
        null,
        null,
        1,
        null,
        null,
        1,
        null,
        null,
        1,
        null,
        null,
        1,
        0,
        null,
        null,
        1,
        0,
        0,
        0,
        0,
        null,
        null,
        1,
        0,
        0,
        null,
        0,
        0,
        null,
        null,
        1,
        0,
        0,
        null,
        0,
        0,
        0,
        null,
        null,
        null,
        null,
        null,
        null,
        null,
        null,
        null,
        null,
        null,
        null,
        null,
        null,
        null,
        null,
        null,
        null,
        null,
        null,
        null,
        null,
        null,
        null,
        null,
        null,
        null,
        null,
        null,
        null,
        null,
        null,
        1,
        0,
        0,
        0,
        null,
        null,
        null
      ],
      "c:/Documents and Settings/Michelle/My Documents/67272 IS/Phase5/creamery_phase_5_nb/app/controllers/jobs_controller.rb": [
        1,
        1,
        null,
        1,
        0,
        0,
        null,
        null,
        1,
        0,
        null,
        null,
        1,
        0,
        null,
        null,
        1,
        0,
        null,
        null,
        1,
        0,
        0,
        0,
        0,
        0,
        null,
        0,
        0,
        null,
        null,
        null,
        null,
        1,
        0,
        0,
        0,
        0,
        0,
        null,
        0,
        0,
        null,
        null,
        null,
        null,
        1,
        0,
        0,
        null,
        0,
        0,
        0,
        null,
        null,
        null,
        null,
        null
      ],
      "c:/Documents and Settings/Michelle/My Documents/67272 IS/Phase5/creamery_phase_5_nb/app/models/job.rb": [
        1,
        null,
        null,
        null,
        1,
        1,
        null,
        null,
        1,
        null,
        null,
        1,
        1,
        1,
        null,
        null,
        null,
        null,
        null,
        null,
        null,
        null,
        null,
        null,
        null,
        null,
        null,
        null
      ],
      "c:/Documents and Settings/Michelle/My Documents/67272 IS/Phase5/creamery_phase_5_nb/app/controllers/password_resets_controller.rb": [
        1,
        1,
        null,
        null,
        1,
        0,
        0,
        0,
        null,
        null,
        1,
        0,
        null,
        null,
        1,
        0,
        0,
        0,
        0,
        0,
        null,
        0,
        null,
        null,
        null
      ],
      "c:/Documents and Settings/Michelle/My Documents/67272 IS/Phase5/creamery_phase_5_nb/app/controllers/sessions_controller.rb": [
        1,
        1,
        null,
        null,
        1,
        0,
        0,
        0,
        0,
        null,
        0,
        null,
        null,
        0,
        0,
        0,
        0,
        0,
        0,
        null,
        0,
        null,
        null,
        0,
        null,
        null,
        null,
        1,
        0,
        0,
        null,
        null
      ],
      "c:/Documents and Settings/Michelle/My Documents/67272 IS/Phase5/creamery_phase_5_nb/app/controllers/shift_jobs_controller.rb": [
        1,
        null,
        1,
        null,
        null,
        null,
        1,
        0,
        null,
        null,
        null,
        null,
        1,
        0,
        0,
        0,
        0,
        null,
        null,
        null,
        null,
        1,
        0,
        null,
        null,
        null,
        1,
        0,
        null,
        null,
        null,
        null,
        1,
        0,
        null,
        0,
        0,
        0,
        0,
        null,
        0,
        0,
        null,
        null,
        null,
        null,
        null,
        null,
        1,
        0,
        null,
        0,
        0,
        0,
        0,
        null,
        0,
        0,
        null,
        null,
        null,
        null,
        null,
        null,
        1,
        0,
        0,
        null,
        0,
        0,
        0,
        null,
        null,
        null
      ],
      "c:/Documents and Settings/Michelle/My Documents/67272 IS/Phase5/creamery_phase_5_nb/app/models/shift_job.rb": [
        1,
        null,
        null,
        1,
        1,
        null,
        null,
        1,
        null,
        1,
        1,
        1,
        1,
        null,
        1,
        1,
        308,
        100,
        1,
        null,
        null,
        null,
        null
      ],
      "c:/Documents and Settings/Michelle/My Documents/67272 IS/Phase5/creamery_phase_5_nb/app/controllers/shifts_controller.rb": [
        1,
        null,
        1,
        null,
        null,
        1,
        0,
        null,
        null,
        null,
        null,
        1,
        0,
        null,
        null,
        null,
        null,
        1,
        0,
        0,
        null,
        0,
        null,
        0,
        null,
        0,
        null,
        null,
        null,
        1,
        0,
        0,
        0,
        null,
        null,
        null,
        null,
        1,
        0,
        null,
        0,
        0,
        0,
        0,
        null,
        0,
        0,
        null,
        null,
        null,
        null,
        null,
        null,
        1,
        0,
        0,
        null,
        0,
        0,
        0,
        0,
        null,
        0,
        0,
        null,
        null,
        null,
        null,
        null,
        null,
        1,
        0,
        0,
        null,
        0,
        0,
        0,
        null,
        null,
        null
      ],
      "c:/Documents and Settings/Michelle/My Documents/67272 IS/Phase5/creamery_phase_5_nb/app/models/shift.rb": [
        1,
        null,
        1,
        1,
        1,
        1,
        1,
        null,
        1,
        null,
        null,
        192,
        null,
        1,
        1,
        1,
        1,
        null,
        null,
        null,
        1,
        1,
        null,
        null,
        null,
        3,
        5,
        1,
        1,
        4,
        4,
        1,
        1,
        1,
        null,
        null,
        null,
        null,
        null,
        null,
        null,
        null,
        null,
        1,
        null,
        2,
        null,
        null,
        1,
        0,
        null,
        null,
        null,
        1,
        null,
        null,
        1,
        1,
        191,
        null,
        null,
        1,
        201,
        1,
        null,
        null,
        null,
        1,
        176,
        null,
        null
      ],
      "c:/Documents and Settings/Michelle/My Documents/67272 IS/Phase5/creamery_phase_5_nb/app/controllers/stores_controller.rb": [
        1,
        null,
        1,
        null,
        1,
        0,
        0,
        null,
        null,
        1,
        0,
        0,
        null,
        0,
        null,
        null,
        1,
        0,
        null,
        null,
        1,
        0,
        null,
        null,
        1,
        0,
        0,
        null,
        0,
        0,
        null,
        null,
        0,
        null,
        null,
        null,
        1,
        0,
        0,
        0,
        0,
        null,
        0,
        null,
        null,
        null,
        1,
        0,
        0,
        0,
        0,
        null,
        null
      ],
      "c:/Documents and Settings/Michelle/My Documents/67272 IS/Phase5/creamery_phase_5_nb/app/models/store.rb": [
        1,
        null,
        1,
        1,
        1,
        null,
        null,
        1,
        1,
        1,
        null,
        null,
        null,
        null,
        1,
        null,
        1,
        null,
        1,
        null,
        1,
        null,
        1,
        null,
        null,
        1,
        1,
        1,
        1,
        null,
        null,
        null,
        1,
        null,
        1,
        0,
        0,
        0,
        0,
        null,
        null,
        1,
        0,
        0,
        0,
        0,
        0,
        0,
        0,
        0,
        0,
        0,
        null,
        0,
        0,
        null,
        0,
        0,
        null,
        0,
        null,
        null,
        1,
        211,
        211,
        211,
        null,
        0,
        null,
        null,
        null,
        1,
        0,
        0,
        0,
        null,
        0,
        null,
        null,
        null,
        null,
        null,
        null,
        null,
        null,
        null,
        null,
        null,
        null,
        null,
        null,
        null,
        null,
        null,
        null,
        null,
        null,
        null,
        null,
        null,
        null,
        null,
        null,
        null,
        1,
        null,
        1,
        211,
        211,
        211,
        null,
        null,
        1,
        83,
        null,
        null,
        null
      ],
      "c:/Documents and Settings/Michelle/My Documents/67272 IS/Phase5/creamery_phase_5_nb/app/controllers/users_controller.rb": [
        1,
        null,
        1,
        1,
        null,
        null,
        null,
        1,
        0,
        null,
        0,
        0,
        0,
        null,
        null,
        null,
        null,
        null,
        1,
        0,
        null,
        0,
        0,
        0,
        null,
        null,
        null,
        null,
        null,
        1,
        0,
        null,
        0,
        0,
        0,
        null,
        null,
        null,
        null,
        1,
        0,
        null,
        null,
        null,
        null,
        1,
        0,
        null,
        0,
        0,
        0,
        0,
        null,
        0,
        0,
        null,
        null,
        null,
        null,
        null,
        null,
        1,
        0,
        null,
        0,
        0,
        0,
        0,
        null,
        0,
        0,
        null,
        null,
        null,
        null,
        null,
        null,
        1,
        0,
        0,
        0,
        null,
        0,
        null,
        null
      ],
      "c:/Documents and Settings/Michelle/My Documents/67272 IS/Phase5/creamery_phase_5_nb/app/models/user.rb": [
        1,
        1,
        1,
        4,
        null,
        null,
        1,
        null,
        null,
        1,
        1,
        1,
        null,
        null,
        null,
        null,
        null,
        1,
        0,
        null,
        null,
        1,
        0,
        0,
        null,
        0,
        null,
        null,
        1,
        0,
        0,
        null,
        null,
        1,
        0,
        0,
        0,
        0,
        null,
        null,
        1,
        null,
        3,
        3,
        null,
        null,
        1,
        0,
        0,
        null,
        null,
        null,
        null,
        null,
        null,
        1,
        1,
        25,
        16,
        11,
        null,
        null,
        null,
        null,
        null,
        null,
        null,
        null,
        null,
        null,
        null
      ],
      "c:/Documents and Settings/Michelle/My Documents/67272 IS/Phase5/creamery_phase_5_nb/app/mailers/user_mailer.rb": [
        1,
        1,
        null,
        null,
        null,
        null,
        null,
        null,
        1,
        0,
        0,
        null,
        null
      ],
      "c:/Documents and Settings/Michelle/My Documents/67272 IS/Phase5/creamery_phase_5_nb/app/models/ability.rb": [
        1,
        1,
        null,
        1,
        null,
        0,
        0,
        0,
        0,
        0,
        0,
        null,
        0,
        0,
        null,
        0,
        0,
        0,
        0,
        0,
        null,
        0,
        0,
        null,
        0,
        0,
        0,
        0,
        0,
        0,
        null,
        null,
        0,
        null,
        null,
        null,
        null
      ]
    },
    "timestamp": 1336173488
  },
  "RSpec": {
    "coverage": {
      "/Users/lheimann/67-272-S12/project_2012/creamery_phase_5/app/models/assignment.rb": [
        1,
        null,
        1,
        null,
        null,
        1,
        1,
        1,
        null,
        null,
        1,
        236,
        72,
        1,
        1,
        null,
        null,
        1,
        1,
        1,
        1,
        1,
        7,
        7,
        5,
        3,
        null,
        null,
        1,
        null,
        1,
        226,
        226,
        225,
        null,
        1,
        null,
        null,
        null,
        null,
        1,
        1158,
        248,
        17,
        null,
        null,
        null,
        1,
        682,
        248,
        17,
        null,
        null,
        null
      ],
      "/Users/lheimann/67-272-S12/project_2012/creamery_phase_5/app/models/employee.rb": [
        1,
        null,
        1,
        1,
        null,
        null,
        1,
        1,
        1,
        1,
        null,
        null,
        1,
        314,
        1,
        1,
        1,
        1,
        null,
        null,
        1,
        1,
        1,
        1,
        1,
        1,
        1,
        1,
        null,
        null,
        1,
        9,
        null,
        null,
        1,
        1,
        null,
        null,
        1,
        245,
        null,
        null,
        228,
        2,
        null,
        null,
        1,
        2,
        null,
        null,
        1,
        3,
        null,
        null,
        null,
        1,
        null,
        null,
        null,
        null,
        1,
        1,
        308,
        308,
        308,
        null,
        1,
        341,
        341,
        341,
        null,
        null
      ],
      "/Users/lheimann/67-272-S12/project_2012/creamery_phase_5/app/models/store.rb": [
        1,
        null,
        1,
        null,
        null,
        1,
        1,
        1,
        null,
        null,
        null,
        null,
        1,
        null,
        1,
        null,
        1,
        null,
        1,
        null,
        1,
        null,
        null,
        1,
        1,
        1,
        null,
        null,
        null,
        1,
        null,
        null,
        null,
        null,
        1,
        null,
        1,
        125,
        125,
        125,
        null,
        null,
        null
      ],
      "/Users/lheimann/67-272-S12/project_2012/creamery_phase_5/app/models/shift.rb": [
        1,
        null,
        1,
        1,
        1,
        1,
        1,
        null,
        null,
        192,
        null,
        1,
        1,
        1,
        1,
        null,
        null,
        null,
        1,
        1,
        null,
        null,
        null,
        3,
        5,
        1,
        1,
        4,
        4,
        1,
        1,
        1,
        null,
        null,
        null,
        null,
        null,
        null,
        null,
        null,
        null,
        1,
        null,
        2,
        null,
        null,
        null,
        1,
        null,
        null,
        1,
        1,
        191,
        null,
        null,
        1,
        201,
        1,
        null,
        null,
        null,
        1,
        176,
        null,
        null
      ],
      "/Users/lheimann/67-272-S12/project_2012/creamery_phase_5/app/models/user.rb": [
        1,
        null,
        1,
        null,
        null,
        1,
        1,
        1,
        null,
        1,
        1,
        25,
        16,
        11,
        null,
        null,
        null,
        null
      ],
      "/Users/lheimann/67-272-S12/project_2012/creamery_phase_5/app/models/job.rb": [
        1,
        null,
        1,
        1,
        null,
        null,
        1,
        null,
        null,
        1,
        1,
        1,
        null,
        null
      ],
      "/Users/lheimann/67-272-S12/project_2012/creamery_phase_5/app/models/shift_job.rb": [
        1,
        null,
        1,
        1,
        null,
        null,
        1,
        null,
        1,
        1,
        308,
        100,
        1,
        null,
        null,
        null,
        null
      ]
    },
    "timestamp": 1334601625
  }
}
